<?xml version="1.0" encoding="UTF-8"?>
<testng-results ignored="0" total="1" passed="1" failed="0" skipped="0">
  <reporter-output>
  </reporter-output>
  <suite started-at="2022-02-28T11:10:32 EET" name="Default suite" finished-at="2022-02-28T11:10:46 EET" duration-ms="13842">
    <groups>
      <group name="cucumber">
        <method signature="AbstractTestNGCucumberTests.runScenario(io.cucumber.testng.PickleWrapper,io.cucumber.testng.FeatureWrapper)[pri:0, instance:cucumberOptions.GoogleTestRunner@d86a6f]" name="runScenario" class="io.cucumber.testng.AbstractTestNGCucumberTests"/>
      </group> <!-- cucumber -->
    </groups>
    <test started-at="2022-02-28T11:10:32 EET" name="Default test" finished-at="2022-02-28T11:10:46 EET" duration-ms="13842">
      <class name="cucumberOptions.GoogleTestRunner">
        <test-method is-config="true" signature="setUpClass()[pri:0, instance:cucumberOptions.GoogleTestRunner@d86a6f]" started-at="2022-02-28T11:10:32 EET" name="setUpClass" finished-at="2022-02-28T11:10:33 EET" duration-ms="804" status="PASS">
          <reporter-output>
          </reporter-output>
        </test-method> <!-- setUpClass -->
        <test-method signature="runScenario(io.cucumber.testng.PickleWrapper,io.cucumber.testng.FeatureWrapper)[pri:0, instance:cucumberOptions.GoogleTestRunner@d86a6f]" started-at="2022-02-28T11:10:33 EET" name="runScenario" description="Runs Cucumber Scenarios" data-provider="scenarios" finished-at="2022-02-28T11:10:45 EET" duration-ms="12540" status="PASS">
          <params>
            <param index="0">
              <value>
                <![CDATA["Search with a keyword and assert the page title has this keyword"]]>
              </value>
            </param>
            <param index="1">
              <value>
                <![CDATA["Optional[Google search]"]]>
              </value>
            </param>
          </params>
          <reporter-output>
          </reporter-output>
        </test-method> <!-- runScenario -->
        <test-method is-config="true" signature="tearDownClass()[pri:0, instance:cucumberOptions.GoogleTestRunner@d86a6f]" started-at="2022-02-28T11:10:45 EET" name="tearDownClass" finished-at="2022-02-28T11:10:46 EET" duration-ms="445" status="PASS">
          <reporter-output>
          </reporter-output>
        </test-method> <!-- tearDownClass -->
      </class> <!-- cucumberOptions.GoogleTestRunner -->
    </test> <!-- Default test -->
  </suite> <!-- Default suite -->
</testng-results>
